2025-11-27 09:26:53,349 - admin - Logged in
2025-11-27 09:27:00,132 - admin - Viewed All Players
2025-11-27 09:27:16,167 - admin - Viewed Graph
2025-11-27 09:27:21,604 - admin - Logged out
2025-11-27 09:32:01,964 - admin - Logged in
2025-11-27 09:32:07,247 - admin - Viewed IPL Data
2025-11-27 09:32:26,989 - admin - Viewed IPL Data
2025-11-27 09:32:30,986 - admin - Viewed Graph
2025-11-27 09:32:38,832 - admin - Viewed Graph
2025-11-27 09:36:43,897 - admin - Logged in
2025-11-27 09:36:49,638 - admin - Viewed IPL Data
2025-11-27 09:40:32,229 - admin - Logged in
2025-11-27 09:45:50,356 - admin logged in
2025-11-27 09:46:33,817 - Added player: virat
2025-11-27 09:46:50,252 - Deleted player ID: 1
2025-11-27 10:11:20,819 - Admin logged in
2025-11-27 10:12:06,407 - Admin logged in
2025-11-27 10:12:36,320 - Added Aslam
2025-11-27 10:14:30,493 - Admin logged in
2025-11-27 10:16:39,874 - Admin logged in
2025-11-27 10:17:18,855 - Added virat
2025-11-27 10:19:09,224 - Admin logged in
2025-11-27 10:20:55,335 - Admin logged in
2025-11-27 10:21:15,888 - Admin logged in
2025-11-27 10:23:08,178 - Admin logged in
2025-11-27 10:23:43,446 - Admin logged in
2025-11-27 10:25:28,818 - Admin logged in
2025-11-27 10:25:35,970 - admin - Downloaded CSV file
2025-11-27 10:25:40,142 - admin - Downloaded CSV file
2025-11-27 10:33:45,284 - Admin logged in
2025-11-27 10:34:19,575 - admin - Downloaded CSV file
2025-11-27 10:52:37,422 - admin - Downloaded CSV file
2025-11-27 10:57:10,097 - admin - Updated hadrik
2025-11-27 11:08:04,515 - Admin logged in
2025-11-27 11:13:50,904 - Admin logged in
2025-11-27 11:16:28,043 - Admin logged in
2025-11-27 15:11:30,257 - Admin logged in
